<?xml version="1.0" encoding="UTF-8"?>
<testsuite name="com.project.MortgageCalculatorTest" tests="1" skipped="1" failures="0" errors="0" timestamp="2023-02-01T12:39:39" hostname="LINNEATOR" time="1.247">
  <properties/>
  <testcase name="verifyNoExceptionThrown" classname="com.project.MortgageCalculatorTest" time="1.247">
    <skipped/>
  </testcase>
  <system-out><![CDATA[]]></system-out>
  <system-err><![CDATA[]]></system-err>
</testsuite>
