<?xml version="1.0" encoding="UTF-8"?>
<testsuite name="com.project.CalculatorTest" tests="2" skipped="0" failures="0" errors="0" timestamp="2023-02-01T12:39:37" hostname="LINNEATOR" time="0.014">
  <properties/>
  <testcase name="powTest" classname="com.project.CalculatorTest" time="0.012"/>
  <testcase name="calculatePaymentTest" classname="com.project.CalculatorTest" time="0.001"/>
  <system-out><![CDATA[MonthlyPayment before: 0.0MonthlyPayment before: 0.0]]></system-out>
  <system-err><![CDATA[]]></system-err>
</testsuite>
